<?xml version="1.0" encoding="UTF-8"?>
<!-- Generated by org.testng.reporters.JUnitReportReporter -->
<testsuite hostname="Amritha" failures="0" tests="2" name="testScript.InputFormPageTest" time="6.670" errors="0" timestamp="2024-08-09T09:03:32 IST" skipped="0">
  <testcase classname="testScript.InputFormPageTest" name="showMessageDisplay" time="3.762"/>
  <testcase classname="testScript.InputFormPageTest" name="sumViewtwoValues" time="2.908"/>
</testsuite> <!-- testScript.InputFormPageTest -->
