<?xml version="1.0" encoding="UTF-8"?>
<!-- Generated by org.testng.reporters.JUnitReportReporter -->
<testsuite hostname="Amritha" failures="0" tests="2" name="testCasesExecute.Annotations" time="0.021" errors="0" timestamp="2024-08-07T08:04:27 IST" skipped="0">
  <testcase classname="testCasesExecute.Annotations" name="display" time="0.018"/>
  <testcase classname="testCasesExecute.Annotations" name="show" time="0.003"/>
</testsuite> <!-- testCasesExecute.Annotations -->
