<?xml version="1.0" encoding="UTF-8"?>
<!-- Generated by org.testng.reporters.JUnitReportReporter -->
<testsuite hostname="Amritha" failures="0" tests="1" name="testCasesExecute.InputForms" time="4.604" errors="0" timestamp="2024-08-09T06:58:26 IST" skipped="0">
  <testcase classname="testCasesExecute.InputForms" name="inputForm" time="4.604"/>
</testsuite> <!-- testCasesExecute.InputForms -->
