<?xml version="1.0" encoding="UTF-8"?>
<!-- Generated by org.testng.reporters.JUnitReportReporter -->
<testsuite hostname="Amritha" failures="0" tests="1" name="testCasesExecute.InputForms" time="3.719" errors="0" timestamp="2024-08-08T07:26:56 IST" skipped="0">
  <testcase classname="testCasesExecute.InputForms" name="inputForm" time="3.719"/>
</testsuite> <!-- testCasesExecute.InputForms -->
