<?xml version="1.0" encoding="UTF-8"?>
<!-- Generated by org.testng.reporters.JUnitReportReporter -->
<testsuite hostname="Amritha" failures="0" tests="1" name="testCasesExecute.NewTest1" time="0.008" errors="0" timestamp="2024-08-07T07:58:46 IST" skipped="0">
  <testcase classname="testCasesExecute.NewTest1" name="mul" time="0.008"/>
</testsuite> <!-- testCasesExecute.NewTest1 -->
