<?xml version="1.0" encoding="UTF-8"?>
<!-- Generated by org.testng.reporters.JUnitReportReporter -->
<testsuite hostname="Amritha" failures="0" tests="1" name="testCasesExecute.BeforeAfterTest" time="0.006" errors="0" timestamp="2024-08-07T08:06:20 IST" skipped="0">
  <testcase classname="testCasesExecute.BeforeAfterTest" name="add1" time="0.006"/>
</testsuite> <!-- testCasesExecute.BeforeAfterTest -->
