<?xml version="1.0" encoding="UTF-8"?>
<!-- Generated by org.testng.reporters.JUnitReportReporter -->
<testsuite hostname="Amritha" failures="0" tests="1" name="testCasesExecute.BeforeAfterClass" time="0.005" errors="0" timestamp="2024-08-07T07:49:00 IST" skipped="0">
  <testcase classname="testCasesExecute.BeforeAfterClass" name="Welcome" time="0.005"/>
</testsuite> <!-- testCasesExecute.BeforeAfterClass -->
