<?xml version="1.0" encoding="UTF-8"?>
<!-- Generated by org.testng.reporters.JUnitReportReporter -->
<testsuite hostname="Amritha" failures="0" tests="1" name="testCasesExecute.NewTest" time="0.011" errors="0" timestamp="2024-08-07T07:53:13 IST" skipped="0">
  <testcase classname="testCasesExecute.NewTest" name="show" time="0.011"/>
</testsuite> <!-- testCasesExecute.NewTest -->
