<?xml version="1.0" encoding="UTF-8"?>
<!-- Generated by org.testng.reporters.JUnitReportReporter -->
<testsuite hostname="Amritha" failures="0" tests="3" name="testCasesExecute.NewTest" time="0.014" errors="0" timestamp="2024-08-08T07:10:06 IST" skipped="0">
  <testcase classname="testCasesExecute.NewTest" name="show" time="0.010"/>
  <testcase classname="testCasesExecute.NewTest" name="add" time="0.002"/>
  <testcase classname="testCasesExecute.NewTest" name="display" time="0.002"/>
</testsuite> <!-- testCasesExecute.NewTest -->
